<!DOCTYPE html>
<html>
<head>

<meta http-equiv="Content-Type" content="text/html; charset=UTF-8" />

<script src="js/jquery.min.js"></script>
<script src="js/jquery.tablesorter.min.js"></script>
<script src="js/Chart.min.js"></script>
<script src="js/moment.min.js"></script>
<script src="js/bootstrap.min.js"></script>

<link rel="stylesheet" href="css/bootstrap.min.css" type="text/css"/>
<link rel="stylesheet" href="css/cucumber.css" type="text/css"/>
<link rel="stylesheet" href="css/font-awesome.min.css"/>
<link rel="shortcut icon" href="images/favicon.png"/>

<script>
$(document).ready(function() {
    // this will tell tablesorter to try looking for the data-value attribute
    // if present, it'll sort by that instead
    // otherwise, it'll sort by the text content of the table cell
    $("#tablesorter").tablesorter({
        textAttribute: 'data-value',
        // ignores the first row of the header, the 'scenario', 'steps', since
        // sorting those doesn't make sense
        selectorHeaders: '> thead tr:not(.dont-sort) th',
        // use a stable sort
        sortStable: true
    });
});
</script>











<title>Cucumber Reports (no 1) - Feature: dummy feature 3</title>

</head>
<body>

<nav class="navbar navbar-default navbar-fixed-top" id="navigation">
  <div class="container-fluid">
    <div class="collapse navbar-collapse">
      <p class="navbar-text navbar-left">Cucumber Report</p>
      <ul class="nav navbar-nav navbar-right">
        <li role="presentation" ><a href="overview-features.html">Features</a></li>
        <li role="presentation" ><a href="overview-tags.html">Tags</a></li>
        <li role="presentation" ><a href="overview-steps.html">Steps</a></li>
        <li role="presentation" ><a href="overview-failures.html">Failures</a></li>
      </ul>
    </div>
  </div>
</nav>


<div class="container-fluid">
  <div class="col-md-5 col-md-offset-1">

<table class="table table-bordered" id="build-info">
  <thead>
    <tr>
      <th>Project</th>
        <th>Number</th>
      <th>Date</th>
    </tr>
  </thead>
  <tbody>
    <tr class="info">
      <td>Rest Assured Automation</td>
        <td>1</td>
      <td>04 Dec 2021, 10:29</td>
    </tr>
  </tbody>
</table>

  </div>
  <div class="col-md-3 col-md-offset-2">
  </div>
</div>


<div id="report-lead" class="container-fluid">
  <div class="col-md-10 col-md-offset-1">
    <h2>Feature Report</h2>
  </div>
</div>


<div class="container-fluid" id="report">
  <div class="row">
    <div class="col-md-10 col-md-offset-1">
      <table class="stats-table">


<thead>
  <tr class="header dont-sort">
    <th></th>
    <th colspan="6">Steps</th>
    <th colspan="3">Scenarios</th>
    <th colspan="2">Features</th>
  </tr>
  <tr>
    <th>Feature</th>
    <th class="passed">Passed</th>
    <th class="failed">Failed</th>
    <th class="skipped">Skipped</th>
    <th class="pending">Pending</th>
    <th class="undefined">Undefined</th>
    <th class="total">Total</th>

    <th class="passed">Passed</th>
    <th class="failed">Failed</th>
    <th class="total">Total</th>

    <th>Duration</th>
    <th>Status</th>
  </tr>
</thead>


        <tbody>
        <tr>
          <td class="tagname">dummy feature 3</td>
          <td      class="passed"    >16</td>
          <td >0</td>
          <td     class="skipped"   >21</td>
          <td >0</td>
          <td >0</td>
          <td class="total">37</td>

          <td  class="passed"    >3</td>
          <td  class="failed"    >3</td>
          <td class="total">6</td>

          <td class="duration" data-value="3731871200">3.731</td>
          <td class="failed">Failed</td>
        </tr>
        </tbody>

      </table>
    </div>
  </div>
</div>



<div class="container-fluid">
  <div class="row">
    <div class="col-md-1 col-md-offset-10">
      <i class="fa fa-chevron-circle-down fa-2x collapsable-control"
        onClick="javascript:$('#report .collapsable-details').collapse('show')"></i>
      <i class="fa fa-chevron-circle-up fa-2x collapsable-control"
        onClick="javascript:$('#report .collapsable-details').collapse('hide')"></i>
    </div>
  </div>
</div>


<div class="container-fluid" id="report">
  <div class="row">
    <div class="col-md-10 col-md-offset-1">
      <div class="feature">

<div class="tags indention">
</div>


<div class="brief failed">
  <span class="keyword indention">Feature</span>
  <span class="name">dummy feature 3</span>


</div>

        <div class="description indention"></div>

        <div class="elements inner-level">

<div class="element">


<div class="tags indention">
    <b>Tags:</b>
       <a href="report-tag_2208604598.html">@API1</a>
       <a href="report-tag_2208604599.html">@API2</a>
       <a href="report-tag_2208604600.html">@API3</a>
       <a href="report-tag_2149487065.html">@api</a>
       <a href="report-tag_3842100043.html">@abhijeet</a>
</div>


  <span class="lead-duration duration">0.002</span>


  <span data-toggle="collapse" class=" collapsable-control" data-target="#element-1">

<div class="brief failed">
  <span class="keyword indention">Scenario Outline</span>
  <span class="name">Verify if items are returned successfully</span>


     <i class="chevron fa fa-fw"></i>
</div>

  </span>
  <div class="description indention"></div>

  <div id="element-1" class="collapse collapsable-details  in ">


  <div class="inner-level hooks-element-before">
    <div data-toggle="collapse" class=" collapsable-control" data-target="#before-2">

<div class="brief failed">
  <span class="keyword indention">Hooks</span>
  <span class="name"></span>


     <i class="chevron fa fa-fw"></i>
</div>

    </div>

    <div id="before-2" class="inner-level collapse collapsable-details  in ">
        <div class="hook">
          <div class="brief skipped">
            <span class="keyword indention">Before</span>
              <span class="location name">com.expleoautomation.stepdefinitions.startandcleansteps.StartAndCleanSteps.configureRestAssured()</span>

  <span class="lead-duration duration">1.899</span>

          </div>



  <div class="inner-level">
    <div class="message indention">
      <div data-toggle="collapse" class=" collapsable-control" data-target="#msg-3">
          <a>Error message</a>
      </div>
      <div id="msg-3" class="collapse collapsable-details  in ">
        <pre>org.junit.AssumptionViolatedException: assumption was not met due to: [selenium grid reachable] expected:&lt;[tru]e&gt; but was:&lt;[fals]e&gt;
	at java.base/jdk.internal.reflect.NativeConstructorAccessorImpl.newInstance0(Native Method)
	at java.base/jdk.internal.reflect.NativeConstructorAccessorImpl.newInstance(NativeConstructorAccessorImpl.java:77)
	at java.base/jdk.internal.reflect.DelegatingConstructorAccessorImpl.newInstance(DelegatingConstructorAccessorImpl.java:45)
	at java.base/java.lang.reflect.Constructor.newInstanceWithCaller(Constructor.java:499)
	at java.base/java.lang.reflect.Constructor.newInstance(Constructor.java:480)
	at org.assertj.core.api.Assumptions.assumptionNotMet(Assumptions.java:1206)
	at org.assertj.core.api.Assumptions.assumptionNotMet(Assumptions.java:1184)
	at org.assertj.core.api.Assumptions.access$100(Assumptions.java:93)
	at org.assertj.core.api.Assumptions$AssumptionMethodInterceptor.intercept(Assumptions.java:117)
	at org.assertj.core.api.BooleanAssert$ByteBuddy$RjakGevs.isEqualTo(Unknown Source)
	at org.assertj.core.api.BooleanAssert$ByteBuddy$RjakGevs.isEqualTo(Unknown Source)
	at org.assertj.core.api.AbstractBooleanAssert.isTrue(AbstractBooleanAssert.java:59)
	at org.assertj.core.api.BooleanAssert$ByteBuddy$RjakGevs.isTrue$accessor$f31y017g(Unknown Source)
	at org.assertj.core.api.BooleanAssert$ByteBuddy$RjakGevs$Assertj$Assumptions$wXHguIpX.call(Unknown Source)
	at org.assertj.core.api.Assumptions$AssumptionMethodInterceptor.intercept(Assumptions.java:111)
	at org.assertj.core.api.BooleanAssert$ByteBuddy$RjakGevs.isTrue(Unknown Source)
	at org.assertj.core.api.BooleanAssert$ByteBuddy$RjakGevs.isTrue(Unknown Source)
	at com.expleoautomation.utils.SeleniumDriverProvider.getRemoteWebDriver(SeleniumDriverProvider.java:101)
	at com.expleoautomation.utils.SeleniumDriverProvider.getWebDriver(SeleniumDriverProvider.java:62)
	at com.expleoautomation.stepdefinitions.startandcleansteps.SharedBrowserSteps.startHeadlessChromeForCookiesRetriev(SharedBrowserSteps.java:148)
	at com.expleoautomation.stepdefinitions.startandcleansteps.StartAndCleanSteps.configureRestAssuredSessionAndBaseUri(StartAndCleanSteps.java:74)
	at com.expleoautomation.stepdefinitions.startandcleansteps.StartAndCleanSteps.configureRestAssured(StartAndCleanSteps.java:120)
Caused by: org.junit.ComparisonFailure: [selenium grid reachable] expected:&lt;[tru]e&gt; but was:&lt;[fals]e&gt;
	at java.base/jdk.internal.reflect.NativeConstructorAccessorImpl.newInstance0(Native Method)
	at java.base/jdk.internal.reflect.NativeConstructorAccessorImpl.newInstance(NativeConstructorAccessorImpl.java:77)
	at java.base/jdk.internal.reflect.DelegatingConstructorAccessorImpl.newInstance(DelegatingConstructorAccessorImpl.java:45)
	at java.base/java.lang.reflect.Constructor.newInstanceWithCaller(Constructor.java:499)
	at com.expleoautomation.utils.SeleniumDriverProvider.getRemoteWebDriver(SeleniumDriverProvider.java:101)
	at com.expleoautomation.utils.SeleniumDriverProvider.getWebDriver(SeleniumDriverProvider.java:62)
	at com.expleoautomation.stepdefinitions.startandcleansteps.SharedBrowserSteps.startHeadlessChromeForCookiesRetriev(SharedBrowserSteps.java:148)
	at com.expleoautomation.stepdefinitions.startandcleansteps.StartAndCleanSteps.configureRestAssuredSessionAndBaseUri(StartAndCleanSteps.java:74)
	at com.expleoautomation.stepdefinitions.startandcleansteps.StartAndCleanSteps.configureRestAssured(StartAndCleanSteps.java:120)
	at java.base/jdk.internal.reflect.NativeMethodAccessorImpl.invoke0(Native Method)
	at java.base/jdk.internal.reflect.NativeMethodAccessorImpl.invoke(NativeMethodAccessorImpl.java:77)
	at java.base/jdk.internal.reflect.DelegatingMethodAccessorImpl.invoke(DelegatingMethodAccessorImpl.java:43)
	at java.base/java.lang.reflect.Method.invoke(Method.java:568)
	at io.cucumber.java.Invoker.invoke(Invoker.java:27)
	at io.cucumber.java.JavaHookDefinition.execute(JavaHookDefinition.java:61)
	at io.cucumber.core.runner.CoreHookDefinition.execute(CoreHookDefinition.java:31)
	at io.cucumber.core.runner.HookDefinitionMatch.runStep(HookDefinitionMatch.java:20)
	at io.cucumber.core.runner.TestStep.executeStep(TestStep.java:64)
	at io.cucumber.core.runner.TestStep.run(TestStep.java:49)
	at io.cucumber.core.runner.TestCase.run(TestCase.java:47)
	at io.cucumber.core.runner.Runner.runPickle(Runner.java:67)
	at io.cucumber.junit.PickleRunners$NoStepDescriptions.run(PickleRunners.java:149)
	at io.cucumber.junit.FeatureRunner.runChild(FeatureRunner.java:83)
	at io.cucumber.junit.FeatureRunner.runChild(FeatureRunner.java:24)
	at org.junit.runners.ParentRunner$3.run(ParentRunner.java:290)
	at org.junit.runners.ParentRunner$1.schedule(ParentRunner.java:71)
	at org.junit.runners.ParentRunner.runChildren(ParentRunner.java:288)
	at org.junit.runners.ParentRunner.access$000(ParentRunner.java:58)
	at org.junit.runners.ParentRunner$2.evaluate(ParentRunner.java:268)
	at org.junit.runners.ParentRunner.run(ParentRunner.java:363)
	at io.cucumber.junit.Cucumber.runChild(Cucumber.java:185)
	at io.cucumber.junit.Cucumber.runChild(Cucumber.java:83)
	at org.junit.runners.ParentRunner$3.run(ParentRunner.java:290)
	at org.apache.maven.surefire.junitcore.pc.Scheduler$1.run(Scheduler.java:410)
	at java.base/java.util.concurrent.Executors$RunnableAdapter.call(Executors.java:539)
	at java.base/java.util.concurrent.FutureTask.run(FutureTask.java:264)
	at java.base/java.util.concurrent.ThreadPoolExecutor.runWorker(ThreadPoolExecutor.java:1136)
	at java.base/java.util.concurrent.ThreadPoolExecutor$Worker.run(ThreadPoolExecutor.java:635)
	at java.base/java.lang.Thread.run(Thread.java:833)
</pre>
      </div>
    </div>
  </div>





        </div>
    </div>
  </div>



<div class="steps inner-level">
  <div data-toggle="collapse" class=" collapsable-control" data-target="#steps-4">

<div class="brief failed">
  <span class="keyword indention">Steps</span>
  <span class="name"></span>


     <i class="chevron fa fa-fw"></i>
</div>

  </div>

  <div id="steps-4" class="inner-level collapse collapsable-details  in ">
      <div class="step">


<div class="brief step-name-Given skipped">
  <span class="keyword indention">Given</span>
  <span class="name">user access the <span class="argument">&quot;simpleKart&quot;</span> BaseUrl</span>

  <span class="lead-duration duration">0.001</span>

</div>
















      </div>
      <div class="step">


<div class="brief step-name-And skipped">
  <span class="keyword indention">And</span>
  <span class="name">the status line in response body is <span class="argument">&quot;HTTP/1.1 200 OK&quot;</span></span>

  <span class="lead-duration duration">0.000</span>

</div>
















      </div>
      <div class="step">


<div class="brief step-name-When skipped">
  <span class="keyword indention">When</span>
  <span class="name">user calls <span class="argument">&quot;simpleKartItemsAPI&quot;</span> with <span class="argument">&quot;GET&quot;</span> http request using the query parameter <span class="argument">&quot;list&quot;</span> as <span class="argument">&quot;10&quot;</span></span>

  <span class="lead-duration duration">0.000</span>

</div>
















      </div>
      <div class="step">


<div class="brief step-name-And skipped">
  <span class="keyword indention">And</span>
  <span class="name">the status line in response body is <span class="argument">&quot;HTTP/1.1 200 OK&quot;</span></span>

  <span class="lead-duration duration">0.000</span>

</div>
















      </div>
      <div class="step">


<div class="brief step-name-Then skipped">
  <span class="keyword indention">Then</span>
  <span class="name">the API call is success with status code <span class="argument">200</span></span>

  <span class="lead-duration duration">0.000</span>

</div>
















      </div>
      <div class="step">


<div class="brief step-name-And skipped">
  <span class="keyword indention">And</span>
  <span class="name">the status line in response body is <span class="argument">&quot;HTTP/1.1 200 OK&quot;</span></span>

  <span class="lead-duration duration">0.000</span>

</div>
















      </div>
      <div class="step">


<div class="brief step-name-And skipped">
  <span class="keyword indention">And</span>
  <span class="name">the content type of response is <span class="argument">&quot;application/json; charset=utf-8&quot;</span></span>

  <span class="lead-duration duration">0.000</span>

</div>
















      </div>
  </div>
</div>




  <div class="inner-level hooks-element-after">
    <div data-toggle="collapse" class=" collapsed  collapsable-control" data-target="#after-5">

<div class="brief passed">
  <span class="keyword indention">Hooks</span>
  <span class="name"></span>


     <i class="chevron fa fa-fw"></i>
</div>

    </div>

    <div id="after-5" class="inner-level collapse collapsable-details ">
        <div class="hook">
          <div class="brief passed">
            <span class="keyword indention">After</span>
              <span class="location name">com.expleoautomation.stepdefinitions.startandcleansteps.StartAndCleanSteps.tearDownScenario(io.cucumber.java.Scenario)</span>

  <span class="lead-duration duration">0.002</span>

          </div>







        </div>
        <div class="hook">
          <div class="brief passed">
            <span class="keyword indention">After</span>
              <span class="location name">com.expleoautomation.stepdefinitions.startandcleansteps.SharedBrowserSteps.takeScreenshotAfterTest(io.cucumber.java.Scenario)</span>

  <span class="lead-duration duration">0.000</span>

          </div>







        </div>
    </div>
  </div>

  </div>
</div>


<div class="element">


<div class="tags indention">
    <b>Tags:</b>
       <a href="report-tag_2208604598.html">@API1</a>
       <a href="report-tag_2208604599.html">@API2</a>
       <a href="report-tag_2208604600.html">@API3</a>
       <a href="report-tag_2149487065.html">@api</a>
       <a href="report-tag_3842100043.html">@abhijeet</a>
</div>


  <span class="lead-duration duration">0.001</span>


  <span data-toggle="collapse" class=" collapsable-control" data-target="#element-6">

<div class="brief failed">
  <span class="keyword indention">Scenario Outline</span>
  <span class="name">Verify if items are returned successfully</span>


     <i class="chevron fa fa-fw"></i>
</div>

  </span>
  <div class="description indention"></div>

  <div id="element-6" class="collapse collapsable-details  in ">


  <div class="inner-level hooks-element-before">
    <div data-toggle="collapse" class=" collapsable-control" data-target="#before-7">

<div class="brief failed">
  <span class="keyword indention">Hooks</span>
  <span class="name"></span>


     <i class="chevron fa fa-fw"></i>
</div>

    </div>

    <div id="before-7" class="inner-level collapse collapsable-details  in ">
        <div class="hook">
          <div class="brief skipped">
            <span class="keyword indention">Before</span>
              <span class="location name">com.expleoautomation.stepdefinitions.startandcleansteps.StartAndCleanSteps.configureRestAssured()</span>

  <span class="lead-duration duration">0.003</span>

          </div>



  <div class="inner-level">
    <div class="message indention">
      <div data-toggle="collapse" class=" collapsed  collapsable-control" data-target="#msg-8">
          <a>Error message</a>
      </div>
      <div id="msg-8" class="collapse collapsable-details ">
        <pre>org.junit.AssumptionViolatedException: assumption was not met due to: expected:&lt;[tru]e&gt; but was:&lt;[fals]e&gt;
	at java.base/jdk.internal.reflect.NativeConstructorAccessorImpl.newInstance0(Native Method)
	at java.base/jdk.internal.reflect.NativeConstructorAccessorImpl.newInstance(NativeConstructorAccessorImpl.java:77)
	at java.base/jdk.internal.reflect.DelegatingConstructorAccessorImpl.newInstance(DelegatingConstructorAccessorImpl.java:45)
	at java.base/java.lang.reflect.Constructor.newInstanceWithCaller(Constructor.java:499)
	at java.base/java.lang.reflect.Constructor.newInstance(Constructor.java:480)
	at org.assertj.core.api.Assumptions.assumptionNotMet(Assumptions.java:1206)
	at org.assertj.core.api.Assumptions.assumptionNotMet(Assumptions.java:1184)
	at org.assertj.core.api.Assumptions.access$100(Assumptions.java:93)
	at org.assertj.core.api.Assumptions$AssumptionMethodInterceptor.intercept(Assumptions.java:117)
	at org.assertj.core.api.BooleanAssert$ByteBuddy$RjakGevs.isEqualTo(Unknown Source)
	at org.assertj.core.api.BooleanAssert$ByteBuddy$RjakGevs.isEqualTo(Unknown Source)
	at org.assertj.core.api.AbstractBooleanAssert.isTrue(AbstractBooleanAssert.java:59)
	at org.assertj.core.api.BooleanAssert$ByteBuddy$RjakGevs.isTrue$accessor$f31y017g(Unknown Source)
	at org.assertj.core.api.BooleanAssert$ByteBuddy$RjakGevs$Assertj$Assumptions$wXHguIpX.call(Unknown Source)
	at org.assertj.core.api.Assumptions$AssumptionMethodInterceptor.intercept(Assumptions.java:111)
	at org.assertj.core.api.BooleanAssert$ByteBuddy$RjakGevs.isTrue(Unknown Source)
	at org.assertj.core.api.BooleanAssert$ByteBuddy$RjakGevs.isTrue(Unknown Source)
	at com.expleoautomation.utils.SeleniumDriverProvider.getRemoteWebDriver(SeleniumDriverProvider.java:94)
	at com.expleoautomation.utils.SeleniumDriverProvider.getWebDriver(SeleniumDriverProvider.java:62)
	at com.expleoautomation.stepdefinitions.startandcleansteps.SharedBrowserSteps.startHeadlessChromeForCookiesRetriev(SharedBrowserSteps.java:148)
	at com.expleoautomation.stepdefinitions.startandcleansteps.StartAndCleanSteps.configureRestAssuredSessionAndBaseUri(StartAndCleanSteps.java:74)
	at com.expleoautomation.stepdefinitions.startandcleansteps.StartAndCleanSteps.configureRestAssured(StartAndCleanSteps.java:120)
Caused by: org.junit.ComparisonFailure: expected:&lt;[tru]e&gt; but was:&lt;[fals]e&gt;
	at java.base/jdk.internal.reflect.NativeConstructorAccessorImpl.newInstance0(Native Method)
	at java.base/jdk.internal.reflect.NativeConstructorAccessorImpl.newInstance(NativeConstructorAccessorImpl.java:77)
	at java.base/jdk.internal.reflect.DelegatingConstructorAccessorImpl.newInstance(DelegatingConstructorAccessorImpl.java:45)
	at java.base/java.lang.reflect.Constructor.newInstanceWithCaller(Constructor.java:499)
	at com.expleoautomation.utils.SeleniumDriverProvider.getRemoteWebDriver(SeleniumDriverProvider.java:94)
	at com.expleoautomation.utils.SeleniumDriverProvider.getWebDriver(SeleniumDriverProvider.java:62)
	at com.expleoautomation.stepdefinitions.startandcleansteps.SharedBrowserSteps.startHeadlessChromeForCookiesRetriev(SharedBrowserSteps.java:148)
	at com.expleoautomation.stepdefinitions.startandcleansteps.StartAndCleanSteps.configureRestAssuredSessionAndBaseUri(StartAndCleanSteps.java:74)
	at com.expleoautomation.stepdefinitions.startandcleansteps.StartAndCleanSteps.configureRestAssured(StartAndCleanSteps.java:120)
	at java.base/jdk.internal.reflect.NativeMethodAccessorImpl.invoke0(Native Method)
	at java.base/jdk.internal.reflect.NativeMethodAccessorImpl.invoke(NativeMethodAccessorImpl.java:77)
	at java.base/jdk.internal.reflect.DelegatingMethodAccessorImpl.invoke(DelegatingMethodAccessorImpl.java:43)
	at java.base/java.lang.reflect.Method.invoke(Method.java:568)
	at io.cucumber.java.Invoker.invoke(Invoker.java:27)
	at io.cucumber.java.JavaHookDefinition.execute(JavaHookDefinition.java:61)
	at io.cucumber.core.runner.CoreHookDefinition.execute(CoreHookDefinition.java:31)
	at io.cucumber.core.runner.HookDefinitionMatch.runStep(HookDefinitionMatch.java:20)
	at io.cucumber.core.runner.TestStep.executeStep(TestStep.java:64)
	at io.cucumber.core.runner.TestStep.run(TestStep.java:49)
	at io.cucumber.core.runner.TestCase.run(TestCase.java:47)
	at io.cucumber.core.runner.Runner.runPickle(Runner.java:67)
	at io.cucumber.junit.PickleRunners$NoStepDescriptions.run(PickleRunners.java:149)
	at io.cucumber.junit.FeatureRunner.runChild(FeatureRunner.java:83)
	at io.cucumber.junit.FeatureRunner.runChild(FeatureRunner.java:24)
	at org.junit.runners.ParentRunner$3.run(ParentRunner.java:290)
	at org.junit.runners.ParentRunner$1.schedule(ParentRunner.java:71)
	at org.junit.runners.ParentRunner.runChildren(ParentRunner.java:288)
	at org.junit.runners.ParentRunner.access$000(ParentRunner.java:58)
	at org.junit.runners.ParentRunner$2.evaluate(ParentRunner.java:268)
	at org.junit.runners.ParentRunner.run(ParentRunner.java:363)
	at io.cucumber.junit.Cucumber.runChild(Cucumber.java:185)
	at io.cucumber.junit.Cucumber.runChild(Cucumber.java:83)
	at org.junit.runners.ParentRunner$3.run(ParentRunner.java:290)
	at org.apache.maven.surefire.junitcore.pc.Scheduler$1.run(Scheduler.java:410)
	at java.base/java.util.concurrent.Executors$RunnableAdapter.call(Executors.java:539)
	at java.base/java.util.concurrent.FutureTask.run(FutureTask.java:264)
	at java.base/java.util.concurrent.ThreadPoolExecutor.runWorker(ThreadPoolExecutor.java:1136)
	at java.base/java.util.concurrent.ThreadPoolExecutor$Worker.run(ThreadPoolExecutor.java:635)
	at java.base/java.lang.Thread.run(Thread.java:833)
</pre>
      </div>
    </div>
  </div>





        </div>
    </div>
  </div>



<div class="steps inner-level">
  <div data-toggle="collapse" class=" collapsable-control" data-target="#steps-9">

<div class="brief failed">
  <span class="keyword indention">Steps</span>
  <span class="name"></span>


     <i class="chevron fa fa-fw"></i>
</div>

  </div>

  <div id="steps-9" class="inner-level collapse collapsable-details  in ">
      <div class="step">


<div class="brief step-name-Given skipped">
  <span class="keyword indention">Given</span>
  <span class="name">user access the <span class="argument">&quot;simpleKart&quot;</span> BaseUrl</span>

  <span class="lead-duration duration">0.000</span>

</div>
















      </div>
      <div class="step">


<div class="brief step-name-And skipped">
  <span class="keyword indention">And</span>
  <span class="name">the status line in response body is <span class="argument">&quot;HTTP/1.1 200 OK&quot;</span></span>

  <span class="lead-duration duration">0.000</span>

</div>
















      </div>
      <div class="step">


<div class="brief step-name-When skipped">
  <span class="keyword indention">When</span>
  <span class="name">user calls <span class="argument">&quot;simpleKartItemsAPI&quot;</span> with <span class="argument">&quot;GET&quot;</span> http request using the query parameter <span class="argument">&quot;list&quot;</span> as <span class="argument">&quot;-1&quot;</span></span>

  <span class="lead-duration duration">0.001</span>

</div>
















      </div>
      <div class="step">


<div class="brief step-name-And skipped">
  <span class="keyword indention">And</span>
  <span class="name">the status line in response body is <span class="argument">&quot;HTTP/1.1 200 OK&quot;</span></span>

  <span class="lead-duration duration">0.000</span>

</div>
















      </div>
      <div class="step">


<div class="brief step-name-Then skipped">
  <span class="keyword indention">Then</span>
  <span class="name">the API call is success with status code <span class="argument">200</span></span>

  <span class="lead-duration duration">0.000</span>

</div>
















      </div>
      <div class="step">


<div class="brief step-name-And skipped">
  <span class="keyword indention">And</span>
  <span class="name">the status line in response body is <span class="argument">&quot;HTTP/1.1 200 OK&quot;</span></span>

  <span class="lead-duration duration">0.000</span>

</div>
















      </div>
      <div class="step">


<div class="brief step-name-And skipped">
  <span class="keyword indention">And</span>
  <span class="name">the content type of response is <span class="argument">&quot;application/json; charset=utf-8&quot;</span></span>

  <span class="lead-duration duration">0.000</span>

</div>
















      </div>
  </div>
</div>




  <div class="inner-level hooks-element-after">
    <div data-toggle="collapse" class=" collapsed  collapsable-control" data-target="#after-10">

<div class="brief passed">
  <span class="keyword indention">Hooks</span>
  <span class="name"></span>


     <i class="chevron fa fa-fw"></i>
</div>

    </div>

    <div id="after-10" class="inner-level collapse collapsable-details ">
        <div class="hook">
          <div class="brief passed">
            <span class="keyword indention">After</span>
              <span class="location name">com.expleoautomation.stepdefinitions.startandcleansteps.StartAndCleanSteps.tearDownScenario(io.cucumber.java.Scenario)</span>

  <span class="lead-duration duration">0.000</span>

          </div>







        </div>
        <div class="hook">
          <div class="brief passed">
            <span class="keyword indention">After</span>
              <span class="location name">com.expleoautomation.stepdefinitions.startandcleansteps.SharedBrowserSteps.takeScreenshotAfterTest(io.cucumber.java.Scenario)</span>

  <span class="lead-duration duration">0.001</span>

          </div>







        </div>
    </div>
  </div>

  </div>
</div>


<div class="element">


<div class="tags indention">
    <b>Tags:</b>
       <a href="report-tag_2208604598.html">@API1</a>
       <a href="report-tag_2208604599.html">@API2</a>
       <a href="report-tag_2208604600.html">@API3</a>
       <a href="report-tag_2149487065.html">@api</a>
       <a href="report-tag_3842100043.html">@abhijeet</a>
</div>


  <span class="lead-duration duration">0.004</span>


  <span data-toggle="collapse" class=" collapsable-control" data-target="#element-11">

<div class="brief failed">
  <span class="keyword indention">Scenario Outline</span>
  <span class="name">Verify if items are returned successfully</span>


     <i class="chevron fa fa-fw"></i>
</div>

  </span>
  <div class="description indention"></div>

  <div id="element-11" class="collapse collapsable-details  in ">


  <div class="inner-level hooks-element-before">
    <div data-toggle="collapse" class=" collapsable-control" data-target="#before-12">

<div class="brief failed">
  <span class="keyword indention">Hooks</span>
  <span class="name"></span>


     <i class="chevron fa fa-fw"></i>
</div>

    </div>

    <div id="before-12" class="inner-level collapse collapsable-details  in ">
        <div class="hook">
          <div class="brief skipped">
            <span class="keyword indention">Before</span>
              <span class="location name">com.expleoautomation.stepdefinitions.startandcleansteps.StartAndCleanSteps.configureRestAssured()</span>

  <span class="lead-duration duration">0.004</span>

          </div>



  <div class="inner-level">
    <div class="message indention">
      <div data-toggle="collapse" class=" collapsed  collapsable-control" data-target="#msg-13">
          <a>Error message</a>
      </div>
      <div id="msg-13" class="collapse collapsable-details ">
        <pre>org.junit.AssumptionViolatedException: assumption was not met due to: expected:&lt;[tru]e&gt; but was:&lt;[fals]e&gt;
	at jdk.internal.reflect.GeneratedConstructorAccessor34.newInstance(Unknown Source)
	at java.base/jdk.internal.reflect.DelegatingConstructorAccessorImpl.newInstance(DelegatingConstructorAccessorImpl.java:45)
	at java.base/java.lang.reflect.Constructor.newInstanceWithCaller(Constructor.java:499)
	at java.base/java.lang.reflect.Constructor.newInstance(Constructor.java:480)
	at org.assertj.core.api.Assumptions.assumptionNotMet(Assumptions.java:1206)
	at org.assertj.core.api.Assumptions.assumptionNotMet(Assumptions.java:1184)
	at org.assertj.core.api.Assumptions.access$100(Assumptions.java:93)
	at org.assertj.core.api.Assumptions$AssumptionMethodInterceptor.intercept(Assumptions.java:117)
	at org.assertj.core.api.BooleanAssert$ByteBuddy$RjakGevs.isEqualTo(Unknown Source)
	at org.assertj.core.api.BooleanAssert$ByteBuddy$RjakGevs.isEqualTo(Unknown Source)
	at org.assertj.core.api.AbstractBooleanAssert.isTrue(AbstractBooleanAssert.java:59)
	at org.assertj.core.api.BooleanAssert$ByteBuddy$RjakGevs.isTrue$accessor$f31y017g(Unknown Source)
	at org.assertj.core.api.BooleanAssert$ByteBuddy$RjakGevs$Assertj$Assumptions$wXHguIpX.call(Unknown Source)
	at org.assertj.core.api.Assumptions$AssumptionMethodInterceptor.intercept(Assumptions.java:111)
	at org.assertj.core.api.BooleanAssert$ByteBuddy$RjakGevs.isTrue(Unknown Source)
	at org.assertj.core.api.BooleanAssert$ByteBuddy$RjakGevs.isTrue(Unknown Source)
	at com.expleoautomation.utils.SeleniumDriverProvider.getRemoteWebDriver(SeleniumDriverProvider.java:94)
	at com.expleoautomation.utils.SeleniumDriverProvider.getWebDriver(SeleniumDriverProvider.java:62)
	at com.expleoautomation.stepdefinitions.startandcleansteps.SharedBrowserSteps.startHeadlessChromeForCookiesRetriev(SharedBrowserSteps.java:148)
	at com.expleoautomation.stepdefinitions.startandcleansteps.StartAndCleanSteps.configureRestAssuredSessionAndBaseUri(StartAndCleanSteps.java:74)
	at com.expleoautomation.stepdefinitions.startandcleansteps.StartAndCleanSteps.configureRestAssured(StartAndCleanSteps.java:120)
Caused by: org.junit.ComparisonFailure: expected:&lt;[tru]e&gt; but was:&lt;[fals]e&gt;
	at jdk.internal.reflect.GeneratedConstructorAccessor29.newInstance(Unknown Source)
	at java.base/jdk.internal.reflect.DelegatingConstructorAccessorImpl.newInstance(DelegatingConstructorAccessorImpl.java:45)
	at java.base/java.lang.reflect.Constructor.newInstanceWithCaller(Constructor.java:499)
	at com.expleoautomation.utils.SeleniumDriverProvider.getRemoteWebDriver(SeleniumDriverProvider.java:94)
	at com.expleoautomation.utils.SeleniumDriverProvider.getWebDriver(SeleniumDriverProvider.java:62)
	at com.expleoautomation.stepdefinitions.startandcleansteps.SharedBrowserSteps.startHeadlessChromeForCookiesRetriev(SharedBrowserSteps.java:148)
	at com.expleoautomation.stepdefinitions.startandcleansteps.StartAndCleanSteps.configureRestAssuredSessionAndBaseUri(StartAndCleanSteps.java:74)
	at com.expleoautomation.stepdefinitions.startandcleansteps.StartAndCleanSteps.configureRestAssured(StartAndCleanSteps.java:120)
	at java.base/jdk.internal.reflect.NativeMethodAccessorImpl.invoke0(Native Method)
	at java.base/jdk.internal.reflect.NativeMethodAccessorImpl.invoke(NativeMethodAccessorImpl.java:77)
	at java.base/jdk.internal.reflect.DelegatingMethodAccessorImpl.invoke(DelegatingMethodAccessorImpl.java:43)
	at java.base/java.lang.reflect.Method.invoke(Method.java:568)
	at io.cucumber.java.Invoker.invoke(Invoker.java:27)
	at io.cucumber.java.JavaHookDefinition.execute(JavaHookDefinition.java:61)
	at io.cucumber.core.runner.CoreHookDefinition.execute(CoreHookDefinition.java:31)
	at io.cucumber.core.runner.HookDefinitionMatch.runStep(HookDefinitionMatch.java:20)
	at io.cucumber.core.runner.TestStep.executeStep(TestStep.java:64)
	at io.cucumber.core.runner.TestStep.run(TestStep.java:49)
	at io.cucumber.core.runner.TestCase.run(TestCase.java:47)
	at io.cucumber.core.runner.Runner.runPickle(Runner.java:67)
	at io.cucumber.junit.PickleRunners$NoStepDescriptions.run(PickleRunners.java:149)
	at io.cucumber.junit.FeatureRunner.runChild(FeatureRunner.java:83)
	at io.cucumber.junit.FeatureRunner.runChild(FeatureRunner.java:24)
	at org.junit.runners.ParentRunner$3.run(ParentRunner.java:290)
	at org.junit.runners.ParentRunner$1.schedule(ParentRunner.java:71)
	at org.junit.runners.ParentRunner.runChildren(ParentRunner.java:288)
	at org.junit.runners.ParentRunner.access$000(ParentRunner.java:58)
	at org.junit.runners.ParentRunner$2.evaluate(ParentRunner.java:268)
	at org.junit.runners.ParentRunner.run(ParentRunner.java:363)
	at io.cucumber.junit.Cucumber.runChild(Cucumber.java:185)
	at io.cucumber.junit.Cucumber.runChild(Cucumber.java:83)
	at org.junit.runners.ParentRunner$3.run(ParentRunner.java:290)
	at org.apache.maven.surefire.junitcore.pc.Scheduler$1.run(Scheduler.java:410)
	at java.base/java.util.concurrent.Executors$RunnableAdapter.call(Executors.java:539)
	at java.base/java.util.concurrent.FutureTask.run(FutureTask.java:264)
	at java.base/java.util.concurrent.ThreadPoolExecutor.runWorker(ThreadPoolExecutor.java:1136)
	at java.base/java.util.concurrent.ThreadPoolExecutor$Worker.run(ThreadPoolExecutor.java:635)
	at java.base/java.lang.Thread.run(Thread.java:833)
</pre>
      </div>
    </div>
  </div>





        </div>
    </div>
  </div>



<div class="steps inner-level">
  <div data-toggle="collapse" class=" collapsable-control" data-target="#steps-14">

<div class="brief failed">
  <span class="keyword indention">Steps</span>
  <span class="name"></span>


     <i class="chevron fa fa-fw"></i>
</div>

  </div>

  <div id="steps-14" class="inner-level collapse collapsable-details  in ">
      <div class="step">


<div class="brief step-name-Given skipped">
  <span class="keyword indention">Given</span>
  <span class="name">user access the <span class="argument">&quot;simpleKart&quot;</span> BaseUrl</span>

  <span class="lead-duration duration">0.000</span>

</div>
















      </div>
      <div class="step">


<div class="brief step-name-And skipped">
  <span class="keyword indention">And</span>
  <span class="name">the status line in response body is <span class="argument">&quot;HTTP/1.1 200 OK&quot;</span></span>

  <span class="lead-duration duration">0.000</span>

</div>
















      </div>
      <div class="step">


<div class="brief step-name-When skipped">
  <span class="keyword indention">When</span>
  <span class="name">user calls <span class="argument">&quot;simpleKartItemsAPI&quot;</span> with <span class="argument">&quot;GET&quot;</span> http request using the query parameter <span class="argument">&quot;list&quot;</span> as <span class="argument">&quot;9899&quot;</span></span>

  <span class="lead-duration duration">0.000</span>

</div>
















      </div>
      <div class="step">


<div class="brief step-name-And skipped">
  <span class="keyword indention">And</span>
  <span class="name">the status line in response body is <span class="argument">&quot;HTTP/1.1 200 OK&quot;</span></span>

  <span class="lead-duration duration">0.004</span>

</div>
















      </div>
      <div class="step">


<div class="brief step-name-Then skipped">
  <span class="keyword indention">Then</span>
  <span class="name">the API call is success with status code <span class="argument">200</span></span>

  <span class="lead-duration duration">0.000</span>

</div>
















      </div>
      <div class="step">


<div class="brief step-name-And skipped">
  <span class="keyword indention">And</span>
  <span class="name">the status line in response body is <span class="argument">&quot;HTTP/1.1 200 OK&quot;</span></span>

  <span class="lead-duration duration">0.000</span>

</div>
















      </div>
      <div class="step">


<div class="brief step-name-And skipped">
  <span class="keyword indention">And</span>
  <span class="name">the content type of response is <span class="argument">&quot;application/json; charset=utf-8&quot;</span></span>

  <span class="lead-duration duration">0.000</span>

</div>
















      </div>
  </div>
</div>




  <div class="inner-level hooks-element-after">
    <div data-toggle="collapse" class=" collapsed  collapsable-control" data-target="#after-15">

<div class="brief passed">
  <span class="keyword indention">Hooks</span>
  <span class="name"></span>


     <i class="chevron fa fa-fw"></i>
</div>

    </div>

    <div id="after-15" class="inner-level collapse collapsable-details ">
        <div class="hook">
          <div class="brief passed">
            <span class="keyword indention">After</span>
              <span class="location name">com.expleoautomation.stepdefinitions.startandcleansteps.StartAndCleanSteps.tearDownScenario(io.cucumber.java.Scenario)</span>

  <span class="lead-duration duration">0.001</span>

          </div>







        </div>
        <div class="hook">
          <div class="brief passed">
            <span class="keyword indention">After</span>
              <span class="location name">com.expleoautomation.stepdefinitions.startandcleansteps.SharedBrowserSteps.takeScreenshotAfterTest(io.cucumber.java.Scenario)</span>

  <span class="lead-duration duration">0.000</span>

          </div>







        </div>
    </div>
  </div>

  </div>
</div>


<div class="element">


<div class="tags indention">
    <b>Tags:</b>
       <a href="report-tag_2321288172.html">@web-ui</a>
</div>


  <span class="lead-duration duration">2.090</span>


  <span data-toggle="collapse" class=" collapsed  collapsable-control" data-target="#element-16">

<div class="brief passed">
  <span class="keyword indention">Scenario Outline</span>
  <span class="name">Verify if items details are returned successfully  for a given itemID</span>


     <i class="chevron fa fa-fw"></i>
</div>

  </span>
  <div class="description indention"></div>

  <div id="element-16" class="collapse collapsable-details ">





<div class="steps inner-level">
  <div data-toggle="collapse" class=" collapsed  collapsable-control" data-target="#steps-17">

<div class="brief passed">
  <span class="keyword indention">Steps</span>
  <span class="name"></span>


     <i class="chevron fa fa-fw"></i>
</div>

  </div>

  <div id="steps-17" class="inner-level collapse collapsable-details ">
      <div class="step">


<div class="brief step-name-Given passed">
  <span class="keyword indention">Given</span>
  <span class="name">user access the <span class="argument">&quot;simpleKart&quot;</span> BaseUrl</span>

  <span class="lead-duration duration">0.145</span>

</div>
















      </div>
      <div class="step">


<div class="brief step-name-When passed">
  <span class="keyword indention">When</span>
  <span class="name">user calls <span class="argument">&quot;simpleKartItemDetailsAPI&quot;</span> with <span class="argument">&quot;GET&quot;</span> http request for the <span class="argument">&quot;1657&quot;</span></span>

  <span class="lead-duration duration">1.945</span>

</div>
















      </div>
      <div class="step">


<div class="brief step-name-Then passed">
  <span class="keyword indention">Then</span>
  <span class="name">the API call is success with status code <span class="argument">200</span></span>

  <span class="lead-duration duration">0.000</span>

</div>
















      </div>
      <div class="step">


<div class="brief step-name-And passed">
  <span class="keyword indention">And</span>
  <span class="name">the status line in response body is <span class="argument">&quot;HTTP/1.1 200 OK&quot;</span></span>

  <span class="lead-duration duration">0.000</span>

</div>
















      </div>
      <div class="step">


<div class="brief step-name-And passed">
  <span class="keyword indention">And</span>
  <span class="name">the content type of response is <span class="argument">&quot;application/json; charset=utf-8&quot;</span></span>

  <span class="lead-duration duration">0.000</span>

</div>
















      </div>
  </div>
</div>




  <div class="inner-level hooks-element-after">
    <div data-toggle="collapse" class=" collapsed  collapsable-control" data-target="#after-18">

<div class="brief passed">
  <span class="keyword indention">Hooks</span>
  <span class="name"></span>


     <i class="chevron fa fa-fw"></i>
</div>

    </div>

    <div id="after-18" class="inner-level collapse collapsable-details ">
        <div class="hook">
          <div class="brief passed">
            <span class="keyword indention">After</span>
              <span class="location name">com.expleoautomation.stepdefinitions.startandcleansteps.StartAndCleanSteps.tearDownScenario(io.cucumber.java.Scenario)</span>

  <span class="lead-duration duration">0.001</span>

          </div>







        </div>
        <div class="hook">
          <div class="brief passed">
            <span class="keyword indention">After</span>
              <span class="location name">com.expleoautomation.stepdefinitions.startandcleansteps.SharedBrowserSteps.takeScreenshotAfterTest(io.cucumber.java.Scenario)</span>

  <span class="lead-duration duration">0.000</span>

          </div>







        </div>
    </div>
  </div>

  </div>
</div>


<div class="element">


<div class="tags indention">
    <b>Tags:</b>
       <a href="report-tag_2073874538.html">@simplekartservice</a>
</div>


  <span class="lead-duration duration">0.694</span>


  <span data-toggle="collapse" class=" collapsed  collapsable-control" data-target="#element-19">

<div class="brief passed">
  <span class="keyword indention">Scenario Outline</span>
  <span class="name">Verify if order details are returned successfully  for a given orderid</span>


     <i class="chevron fa fa-fw"></i>
</div>

  </span>
  <div class="description indention"></div>

  <div id="element-19" class="collapse collapsable-details ">





<div class="steps inner-level">
  <div data-toggle="collapse" class=" collapsed  collapsable-control" data-target="#steps-20">

<div class="brief passed">
  <span class="keyword indention">Steps</span>
  <span class="name"></span>


     <i class="chevron fa fa-fw"></i>
</div>

  </div>

  <div id="steps-20" class="inner-level collapse collapsable-details ">
      <div class="step">


<div class="brief step-name-Given passed">
  <span class="keyword indention">Given</span>
  <span class="name">user access the <span class="argument">&quot;simpleKart&quot;</span> BaseUrl</span>

  <span class="lead-duration duration">0.000</span>

</div>
















      </div>
      <div class="step">


<div class="brief step-name-When passed">
  <span class="keyword indention">When</span>
  <span class="name">user calls <span class="argument">&quot;simpleKartOrderDetailsAPI&quot;</span> with <span class="argument">&quot;GET&quot;</span> http request for the <span class="argument">&quot;674&quot;</span></span>

  <span class="lead-duration duration">0.693</span>

</div>
















      </div>
      <div class="step">


<div class="brief step-name-Then passed">
  <span class="keyword indention">Then</span>
  <span class="name">the API call is success with status code <span class="argument">200</span></span>

  <span class="lead-duration duration">0.000</span>

</div>
















      </div>
      <div class="step">


<div class="brief step-name-And passed">
  <span class="keyword indention">And</span>
  <span class="name">the status line in response body is <span class="argument">&quot;HTTP/1.1 200 OK&quot;</span></span>

  <span class="lead-duration duration">0.000</span>

</div>
















      </div>
      <div class="step">


<div class="brief step-name-And passed">
  <span class="keyword indention">And</span>
  <span class="name">the content type of response is <span class="argument">&quot;application/json; charset=utf-8&quot;</span></span>

  <span class="lead-duration duration">0.000</span>

</div>
















      </div>
  </div>
</div>




  <div class="inner-level hooks-element-after">
    <div data-toggle="collapse" class=" collapsed  collapsable-control" data-target="#after-21">

<div class="brief passed">
  <span class="keyword indention">Hooks</span>
  <span class="name"></span>


     <i class="chevron fa fa-fw"></i>
</div>

    </div>

    <div id="after-21" class="inner-level collapse collapsable-details ">
        <div class="hook">
          <div class="brief passed">
            <span class="keyword indention">After</span>
              <span class="location name">com.expleoautomation.stepdefinitions.startandcleansteps.StartAndCleanSteps.tearDownScenario(io.cucumber.java.Scenario)</span>

  <span class="lead-duration duration">0.000</span>

          </div>







        </div>
        <div class="hook">
          <div class="brief passed">
            <span class="keyword indention">After</span>
              <span class="location name">com.expleoautomation.stepdefinitions.startandcleansteps.SharedBrowserSteps.takeScreenshotAfterTest(io.cucumber.java.Scenario)</span>

  <span class="lead-duration duration">0.000</span>

          </div>







        </div>
    </div>
  </div>

  </div>
</div>


<div class="element">


<div class="tags indention">
    <b>Tags:</b>
       <a href="report-tag_2073874538.html">@simplekartservice</a>
</div>


  <span class="lead-duration duration">0.937</span>


  <span data-toggle="collapse" class=" collapsed  collapsable-control" data-target="#element-22">

<div class="brief passed">
  <span class="keyword indention">Scenario</span>
  <span class="name">Validate if order is created for the given orderid</span>


     <i class="chevron fa fa-fw"></i>
</div>

  </span>
  <div class="description indention"></div>

  <div id="element-22" class="collapse collapsable-details ">





<div class="steps inner-level">
  <div data-toggle="collapse" class=" collapsed  collapsable-control" data-target="#steps-23">

<div class="brief passed">
  <span class="keyword indention">Steps</span>
  <span class="name"></span>


     <i class="chevron fa fa-fw"></i>
</div>

  </div>

  <div id="steps-23" class="inner-level collapse collapsable-details ">
      <div class="step">


<div class="brief step-name-Given passed">
  <span class="keyword indention">Given</span>
  <span class="name">user access the <span class="argument">&quot;simpleKart&quot;</span> BaseUrl</span>

  <span class="lead-duration duration">0.001</span>

</div>
















      </div>
      <div class="step">


<div class="brief step-name-Given passed">
  <span class="keyword indention">Given</span>
  <span class="name">the json payload for the <span class="argument">&quot;simpleKartOrderCreateAPI&quot;</span></span>

  <span class="lead-duration duration">0.242</span>

</div>
















      </div>
      <div class="step">


<div class="brief step-name-When passed">
  <span class="keyword indention">When</span>
  <span class="name">user calls <span class="argument">&quot;simpleKartOrderCreateAPI&quot;</span> with <span class="argument">&quot;POST&quot;</span> http request</span>

  <span class="lead-duration duration">0.693</span>

</div>
















      </div>
      <div class="step">


<div class="brief step-name-Then passed">
  <span class="keyword indention">Then</span>
  <span class="name">the API call is success with status code <span class="argument">200</span></span>

  <span class="lead-duration duration">0.000</span>

</div>
















      </div>
      <div class="step">


<div class="brief step-name-And passed">
  <span class="keyword indention">And</span>
  <span class="name">the status line in response body is <span class="argument">&quot;HTTP/1.1 200 OK&quot;</span></span>

  <span class="lead-duration duration">0.000</span>

</div>
















      </div>
      <div class="step">


<div class="brief step-name-And passed">
  <span class="keyword indention">And</span>
  <span class="name">the content type of response is <span class="argument">&quot;application/json; charset=utf-8&quot;</span></span>

  <span class="lead-duration duration">0.000</span>

</div>
















      </div>
  </div>
</div>




  <div class="inner-level hooks-element-after">
    <div data-toggle="collapse" class=" collapsed  collapsable-control" data-target="#after-24">

<div class="brief passed">
  <span class="keyword indention">Hooks</span>
  <span class="name"></span>


     <i class="chevron fa fa-fw"></i>
</div>

    </div>

    <div id="after-24" class="inner-level collapse collapsable-details ">
        <div class="hook">
          <div class="brief passed">
            <span class="keyword indention">After</span>
              <span class="location name">com.expleoautomation.stepdefinitions.startandcleansteps.StartAndCleanSteps.tearDownScenario(io.cucumber.java.Scenario)</span>

  <span class="lead-duration duration">0.001</span>

          </div>







        </div>
        <div class="hook">
          <div class="brief passed">
            <span class="keyword indention">After</span>
              <span class="location name">com.expleoautomation.stepdefinitions.startandcleansteps.SharedBrowserSteps.takeScreenshotAfterTest(io.cucumber.java.Scenario)</span>

  <span class="lead-duration duration">0.000</span>

          </div>







        </div>
    </div>
  </div>

  </div>
</div>

        </div>

      </div>
    </div>
  </div>
</div>


<div class="container-fluid">
  <div class="row">
    <div class="col-md-1 col-md-offset-10">
      <i class="fa fa-chevron-circle-down fa-2x collapsable-control"
        onClick="javascript:$('#report .collapsable-details').collapse('show')"></i>
      <i class="fa fa-chevron-circle-up fa-2x collapsable-control"
        onClick="javascript:$('#report .collapsable-details').collapse('hide')"></i>
    </div>
  </div>
</div>

<br/>

<nav class="navbar navbar-default" id="footer">
  <div class="container-fluid">
    <p class="navbar-text navbar-right">
        <small>generate Cucumber HTML reports via:&nbsp;</small>
        <a class="navbar-link" href="https://github.com/jenkinsci/cucumber-reports-plugin">Jenkins Plugin</a> |
        <a class="navbar-link" href="https://github.com/damianszczepanik/cucumber-reporting">Standalone</a> |
        <a class="navbar-link" href="https://github.com/damianszczepanik/cucumber-sandwich">Sandwich</a> |
        <a class="navbar-link" href="https://github.com/damianszczepanik/maven-cucumber-reporting">Maven</a>
        &nbsp;&nbsp;
    </p>
  </div>
</nav>

</body>
</html>
